Build started 2016/12/6 15:33:39.
     1>Project "D:\projects\CCD_Development\摄像机标定\摄像机标定\摄像机标定.vcxproj" on node 2 (build target(s)).
     1>InitializeBuildStatus:
         Touching "Debug\摄像机标定.unsuccessfulbuild".
       ClCompile:
         C:\Program Files\Microsoft Visual Studio 10.0\VC\bin\CL.exe /c /ZI /nologo /W3 /WX- /Od /Oy- /D WIN32 /D _DEBUG /D _CONSOLE /D _UNICODE /D UNICODE /Gm /EHsc /RTC1 /MDd /GS /fp:precise /Zc:wchar_t /Zc:forScope /Fo"Debug\\" /Fd"Debug\vc100.pdb" /Gd /TP /analyze- /errorReport:prompt main.cpp
         main.cpp
     1>d:\tddownload\eigen-eigen-26667be4f70b\eigen\src\core\arch\cuda\half.h : warning C4819: The file contains a character that cannot be represented in the current code page (936). Save the file in Unicode format to prevent data loss
     1>d:\projects\ccd_development\摄像机标定\摄像机标定\main.cpp(392): warning C4244: 'argument' : conversion from 'int' to 'float', possible loss of data
     1>d:\projects\ccd_development\摄像机标定\摄像机标定\main.cpp(392): warning C4244: 'argument' : conversion from 'int' to 'float', possible loss of data
     1>d:\projects\ccd_development\摄像机标定\摄像机标定\main.cpp(470): warning C4018: '<' : signed/unsigned mismatch
     1>d:\projects\ccd_development\摄像机标定\摄像机标定\main.cpp(568): warning C4244: 'argument' : conversion from 'int' to 'float', possible loss of data
     1>d:\projects\ccd_development\摄像机标定\摄像机标定\main.cpp(568): warning C4244: 'argument' : conversion from 'int' to 'float', possible loss of data
     1>d:\projects\ccd_development\摄像机标定\摄像机标定\main.cpp(768): warning C4244: 'argument' : conversion from 'int' to 'float', possible loss of data
     1>d:\projects\ccd_development\摄像机标定\摄像机标定\main.cpp(768): warning C4244: 'argument' : conversion from 'int' to 'float', possible loss of data
     1>d:\projects\ccd_development\摄像机标定\摄像机标定\main.cpp(963): warning C4244: 'argument' : conversion from 'int' to 'float', possible loss of data
     1>d:\projects\ccd_development\摄像机标定\摄像机标定\main.cpp(963): warning C4244: 'argument' : conversion from 'int' to 'float', possible loss of data
       ManifestResourceCompile:
         All outputs are up-to-date.
       Link:
         C:\Program Files\Microsoft Visual Studio 10.0\VC\bin\link.exe /ERRORREPORT:PROMPT /OUT:"D:\projects\CCD_Development\摄像机标定\Debug\摄像机标定.exe" /INCREMENTAL /NOLOGO opencv_calib3d2411d.lib opencv_contrib2411d.lib opencv_core2411d.lib opencv_features2d2411d.lib opencv_flann2411d.lib opencv_gpu2411d.lib opencv_highgui2411d.lib opencv_imgproc2411d.lib opencv_legacy2411d.lib opencv_ml2411d.lib opencv_nonfree2411d.lib opencv_objdetect2411d.lib opencv_ocl2411d.lib opencv_photo2411d.lib opencv_stitching2411d.lib opencv_superres2411d.lib opencv_ts2411d.lib opencv_video2411d.lib opencv_videostab2411d.lib kernel32.lib user32.lib gdi32.lib winspool.lib comdlg32.lib advapi32.lib shell32.lib ole32.lib oleaut32.lib uuid.lib odbc32.lib odbccp32.lib /MANIFEST /ManifestFile:"Debug\摄像机标定.exe.intermediate.manifest" /MANIFESTUAC:"level='asInvoker' uiAccess='false'" /DEBUG /PDB:"D:\projects\CCD_Development\摄像机标定\Debug\摄像机标定.pdb" /SUBSYSTEM:CONSOLE /TLBID:1 /DYNAMICBASE /NXCOMPAT /IMPLIB:"D:\projects\CCD_Development\摄像机标定\Debug\摄像机标定.lib" /MACHINE:X86 "Debug\摄像机标定.exe.embed.manifest.res"
         Debug\camera_calibration.obj
         Debug\main.obj
       Manifest:
         C:\Program Files\Microsoft SDKs\Windows\v7.0A\bin\mt.exe /nologo /verbose /out:"Debug\摄像机标定.exe.embed.manifest" /manifest "Debug\摄像机标定.exe.intermediate.manifest"
         All outputs are up-to-date.
       LinkEmbedManifest:
         All outputs are up-to-date.
         摄像机标定.vcxproj -> D:\projects\CCD_Development\摄像机标定\Debug\摄像机标定.exe
       FinalizeBuildStatus:
         Deleting file "Debug\摄像机标定.unsuccessfulbuild".
         Touching "Debug\摄像机标定.lastbuildstate".
     1>Done Building Project "D:\projects\CCD_Development\摄像机标定\摄像机标定\摄像机标定.vcxproj" (build target(s)).

Build succeeded.

Time Elapsed 00:00:07.19
